<?xml version="1.0" encoding="UTF-8"?>
<testng-results ignored="0" total="1" passed="1" failed="0" skipped="0">
  <reporter-output>
  </reporter-output>
  <suite started-at="2025-08-18T12:03:10 GMT+05:30" name="Default suite" finished-at="2025-08-18T12:03:30 GMT+05:30" duration-ms="19753">
    <groups>
    </groups>
    <test started-at="2025-08-18T12:03:10 GMT+05:30" name="Default test" finished-at="2025-08-18T12:03:30 GMT+05:30" duration-ms="19753">
      <class name="essPackage.LogInClass">
        <test-method is-config="true" signature="setup()[pri:0, instance:essPackage.LogInClass@563f38c4]" started-at="2025-08-18T12:03:11 GMT+05:30" name="setup" finished-at="2025-08-18T12:03:30 GMT+05:30" duration-ms="19267" status="PASS">
          <reporter-output>
          </reporter-output>
        </test-method> <!-- setup -->
        <test-method signature="login()[pri:0, instance:essPackage.LogInClass@563f38c4]" started-at="2025-08-18T12:03:30 GMT+05:30" name="login" finished-at="2025-08-18T12:03:30 GMT+05:30" duration-ms="24" status="PASS">
          <reporter-output>
          </reporter-output>
        </test-method> <!-- login -->
      </class> <!-- essPackage.LogInClass -->
    </test> <!-- Default test -->
  </suite> <!-- Default suite -->
</testng-results>
